Using pre-set license
Built from '2020.3/staging' branch; Version is '2020.3.25f1 (9b9180224418) revision 10195328'; Using compiler version '192528614'; Build Type 'Release'
OS: 'Windows 11  (10.0.22000) 64bit Core' Language: 'ko' Physical Memory: 16183 MB
BatchMode: 1, IsHumanControllingUs: 0, StartBugReporterOnCrash: 0, Is64bit: 1, IsPro: 0

COMMAND LINE ARGUMENTS:
C:\Program Files\Unity\Hub\Editor\2020.3.25f1\Editor\Unity.exe
-adb2
-batchMode
-noUpm
-name
AssetImportWorker0
-projectPath
F:/Univ/Dission (2022-2-1)/dimisoft_project
-logFile
Logs/AssetImportWorker0.log
-srvPort
63723
Successfully changed project path to: F:/Univ/Dission (2022-2-1)/dimisoft_project
F:/Univ/Dission (2022-2-1)/dimisoft_project
Using Asset Import Pipeline V2.
Refreshing native plugins compatible for Editor in 45.10 ms, found 2 plugins.
Preloading 0 native plugins for Editor in 0.00 ms.
Initialize engine version: 2020.3.25f1 (9b9180224418)
[Subsystems] Discovering subsystems at path C:/Program Files/Unity/Hub/Editor/2020.3.25f1/Editor/Data/Resources/UnitySubsystems
[Subsystems] Discovering subsystems at path F:/Univ/Dission (2022-2-1)/dimisoft_project/Assets
GfxDevice: creating device client; threaded=0
Direct3D:
    Version:  Direct3D 11.0 [level 11.1]
    Renderer: NVIDIA GeForce MX450 (ID=0x1f97)
    Vendor:   
    VRAM:     1928 MB
    Driver:   27.21.14.5245
Initialize mono
Mono path[0] = 'C:/Program Files/Unity/Hub/Editor/2020.3.25f1/Editor/Data/Managed'
Mono path[1] = 'C:/Program Files/Unity/Hub/Editor/2020.3.25f1/Editor/Data/MonoBleedingEdge/lib/mono/unityjit'
Mono config path = 'C:/Program Files/Unity/Hub/Editor/2020.3.25f1/Editor/Data/MonoBleedingEdge/etc'
Using monoOptions --debugger-agent=transport=dt_socket,embedding=1,server=y,suspend=n,address=127.0.0.1:56848
Begin MonoManager ReloadAssembly
Registering precompiled unity dll's ...
Register platform support module: C:/Program Files/Unity/Hub/Editor/2020.3.25f1/Editor/Data/PlaybackEngines/WindowsStandaloneSupport/UnityEditor.WindowsStandalone.Extensions.dll
Registered in 0.002675 seconds.
Native extension for WindowsStandalone target not found
Refreshing native plugins compatible for Editor in 35.68 ms, found 2 plugins.
Preloading 0 native plugins for Editor in 0.00 ms.
Mono: successfully reloaded assembly
- Completed reload, in  0.499 seconds
Domain Reload Profiling:
	ReloadAssembly (499ms)
		BeginReloadAssembly (63ms)
			ExecutionOrderSort (0ms)
			DisableScriptedObjects (0ms)
			BackupInstance (0ms)
			ReleaseScriptingObjects (0ms)
			CreateAndSetChildDomain (1ms)
		EndReloadAssembly (370ms)
			LoadAssemblies (61ms)
			RebuildTransferFunctionScriptingTraits (0ms)
			SetupTypeCache (122ms)
			ReleaseScriptCaches (0ms)
			RebuildScriptCaches (23ms)
			SetupLoadedEditorAssemblies (137ms)
				LogAssemblyErrors (0ms)
				InitializePlatformSupportModulesInManaged (3ms)
				SetLoadedEditorAssemblies (0ms)
				RefreshPlugins (36ms)
				BeforeProcessingInitializeOnLoad (11ms)
				ProcessInitializeOnLoadAttributes (64ms)
				ProcessInitializeOnLoadMethodAttributes (24ms)
				AfterProcessingInitializeOnLoad (0ms)
				EditorAssembliesLoaded (0ms)
			ExecutionOrderSort2 (0ms)
			AwakeInstancesAfterBackupRestoration (0ms)
Platform modules already initialized, skipping
Registering precompiled user dll's ...
Registered in 0.002711 seconds.
Begin MonoManager ReloadAssembly
Native extension for WindowsStandalone target not found
Refreshing native plugins compatible for Editor in 0.39 ms, found 2 plugins.
Preloading 0 native plugins for Editor in 0.00 ms.
Mono: successfully reloaded assembly
- Completed reload, in  0.833 seconds
Domain Reload Profiling:
	ReloadAssembly (835ms)
		BeginReloadAssembly (123ms)
			ExecutionOrderSort (0ms)
			DisableScriptedObjects (3ms)
			BackupInstance (0ms)
			ReleaseScriptingObjects (0ms)
			CreateAndSetChildDomain (15ms)
		EndReloadAssembly (659ms)
			LoadAssemblies (94ms)
			RebuildTransferFunctionScriptingTraits (0ms)
			SetupTypeCache (211ms)
			ReleaseScriptCaches (0ms)
			RebuildScriptCaches (34ms)
			SetupLoadedEditorAssemblies (246ms)
				LogAssemblyErrors (0ms)
				InitializePlatformSupportModulesInManaged (3ms)
				SetLoadedEditorAssemblies (0ms)
				RefreshPlugins (0ms)
				BeforeProcessingInitializeOnLoad (79ms)
				ProcessInitializeOnLoadAttributes (146ms)
				ProcessInitializeOnLoadMethodAttributes (7ms)
				AfterProcessingInitializeOnLoad (9ms)
				EditorAssembliesLoaded (0ms)
			ExecutionOrderSort2 (0ms)
			AwakeInstancesAfterBackupRestoration (5ms)
Platform modules already initialized, skipping
========================================================================
Worker process is ready to serve import requests
Launched and connected shader compiler UnityShaderCompiler.exe after 0.04 seconds
Refreshing native plugins compatible for Editor in 0.42 ms, found 2 plugins.
Preloading 0 native plugins for Editor in 0.00 ms.
Unloading 1718 Unused Serialized files (Serialized files now loaded: 0)
System memory in use before: 91.4 MB.
System memory in use after: 91.5 MB.

Unloading 19 unused Assets to reduce memory usage. Loaded Objects now: 2169.
Total: 2.068500 ms (FindLiveObjects: 0.105200 ms CreateObjectMapping: 0.029900 ms MarkObjects: 1.874800 ms  DeleteObjects: 0.057700 ms)

AssetImportParameters requested are different than current active one (requested -> active):
  custom:framework-win-MediaFoundation: 216162199b28c13a410421893ffa2e32 -> 
  custom:video-decoder-ogg-theora: a1e56fd34408186e4bbccfd4996cb3dc -> 
  custom:container-muxer-webm: aa71ff27fc2769a1b78a27578f13a17b -> 
  custom:container-demuxer-webm: 4f35f7cbe854078d1ac9338744f61a02 -> 
  custom:container-demuxer-ogg: 62fdf1f143b41e24485cea50d1cbac27 -> 
  custom:video-encoder-webm-vp8: eb34c28f22e8b96e1ab97ce403110664 -> 
  custom:video-decoder-webm-vp8: 9c59270c3fd7afecdb556c50c9e8de78 -> 
  custom:audio-decoder-ogg-vorbis: bf7c407c2cedff20999df2af8eb42d56 -> 
  custom:audio-encoder-webm-vorbis: bf7c407c2cedff20999df2af8eb42d56 -> 
========================================================================
Received Import Request.
  path: Assets/Scenes/House.unity
  artifactKey: Guid(8fdb66b3d5f94c2488dec767fb72a89e) Importer(815301076,1909f56bfc062723c751e8b465ee728b)
Start importing Assets/Scenes/House.unity using Guid(8fdb66b3d5f94c2488dec767fb72a89e) Importer(815301076,1909f56bfc062723c751e8b465ee728b)  -> (artifact id: '0a642772873f3bec15b3693a223daea5') in 0.071886 seconds 
  Import took 0.074077 seconds .

========================================================================
Received Import Request.
  Time since last request: 44.861854 seconds.
  path: Assets/Scripts/PlayerController.cs
  artifactKey: Guid(4368715bbc98b0f459a93184aa44d052) Importer(815301076,1909f56bfc062723c751e8b465ee728b)
Start importing Assets/Scripts/PlayerController.cs using Guid(4368715bbc98b0f459a93184aa44d052) Importer(815301076,1909f56bfc062723c751e8b465ee728b)  -> (artifact id: '0cbc7177dfe63b1586ada1dd2f5e6087') in 0.097448 seconds 
  Import took 0.102378 seconds .

========================================================================
Received Prepare
Registering precompiled user dll's ...
Registered in 0.037715 seconds.
Begin MonoManager ReloadAssembly
Native extension for WindowsStandalone target not found
Refreshing native plugins compatible for Editor in 0.70 ms, found 2 plugins.
Preloading 0 native plugins for Editor in 0.00 ms.
Mono: successfully reloaded assembly
- Completed reload, in  1.485 seconds
Domain Reload Profiling:
	ReloadAssembly (1485ms)
		BeginReloadAssembly (223ms)
			ExecutionOrderSort (0ms)
			DisableScriptedObjects (8ms)
			BackupInstance (0ms)
			ReleaseScriptingObjects (0ms)
			CreateAndSetChildDomain (42ms)
		EndReloadAssembly (1138ms)
			LoadAssemblies (284ms)
			RebuildTransferFunctionScriptingTraits (0ms)
			SetupTypeCache (336ms)
			ReleaseScriptCaches (1ms)
			RebuildScriptCaches (40ms)
			SetupLoadedEditorAssemblies (414ms)
				LogAssemblyErrors (0ms)
				InitializePlatformSupportModulesInManaged (7ms)
				SetLoadedEditorAssemblies (1ms)
				RefreshPlugins (1ms)
				BeforeProcessingInitializeOnLoad (152ms)
				ProcessInitializeOnLoadAttributes (226ms)
				ProcessInitializeOnLoadMethodAttributes (13ms)
				AfterProcessingInitializeOnLoad (13ms)
				EditorAssembliesLoaded (0ms)
			ExecutionOrderSort2 (0ms)
			AwakeInstancesAfterBackupRestoration (8ms)
Platform modules already initialized, skipping
Refreshing native plugins compatible for Editor in 0.68 ms, found 2 plugins.
Preloading 0 native plugins for Editor in 0.00 ms.
Unloading 1697 Unused Serialized files (Serialized files now loaded: 0)
System memory in use before: 89.5 MB.
System memory in use after: 89.6 MB.

Unloading 14 unused Assets to reduce memory usage. Loaded Objects now: 2171.
Total: 3.005000 ms (FindLiveObjects: 0.110400 ms CreateObjectMapping: 0.032100 ms MarkObjects: 2.839900 ms  DeleteObjects: 0.020900 ms)

AssetImportParameters requested are different than current active one (requested -> active):
  custom:framework-win-MediaFoundation: 216162199b28c13a410421893ffa2e32 -> 
  custom:video-decoder-ogg-theora: a1e56fd34408186e4bbccfd4996cb3dc -> 
  custom:container-muxer-webm: aa71ff27fc2769a1b78a27578f13a17b -> 
  custom:container-demuxer-webm: 4f35f7cbe854078d1ac9338744f61a02 -> 
  custom:container-demuxer-ogg: 62fdf1f143b41e24485cea50d1cbac27 -> 
  custom:video-encoder-webm-vp8: eb34c28f22e8b96e1ab97ce403110664 -> 
  custom:video-decoder-webm-vp8: 9c59270c3fd7afecdb556c50c9e8de78 -> 
  custom:audio-decoder-ogg-vorbis: bf7c407c2cedff20999df2af8eb42d56 -> 
  custom:audio-encoder-webm-vorbis: bf7c407c2cedff20999df2af8eb42d56 -> 
========================================================================
Received Import Request.
  Time since last request: 392.101556 seconds.
  path: Assets/GPVFX_POTIONS PACK/2D/2D Potions
  artifactKey: Guid(15ee61d2f04be491e9c2dd2b2fb5186e) Importer(815301076,1909f56bfc062723c751e8b465ee728b)
Start importing Assets/GPVFX_POTIONS PACK/2D/2D Potions using Guid(15ee61d2f04be491e9c2dd2b2fb5186e) Importer(815301076,1909f56bfc062723c751e8b465ee728b)  -> (artifact id: 'badc01bd0292d1c2d900714a197c09c2') in 0.054269 seconds 
  Import took 0.056610 seconds .

========================================================================
Received Import Request.
  Time since last request: 0.696069 seconds.
  path: Assets/GPVFX_POTIONS PACK/2D/2D Potions/2D PREFABS
  artifactKey: Guid(776690e4083984167954112c980f9007) Importer(815301076,1909f56bfc062723c751e8b465ee728b)
Start importing Assets/GPVFX_POTIONS PACK/2D/2D Potions/2D PREFABS using Guid(776690e4083984167954112c980f9007) Importer(815301076,1909f56bfc062723c751e8b465ee728b)  -> (artifact id: '39eae707e715518135ddedeaae62ac9e') in 0.045709 seconds 
  Import took 0.047931 seconds .

========================================================================
Received Import Request.
  Time since last request: 0.050015 seconds.
  path: Assets/GPVFX_POTIONS PACK/2D/2D Potions/2D PREFABS/POTION A.prefab
  artifactKey: Guid(52989ede6653243e3ad7042d055e9766) Importer(815301076,1909f56bfc062723c751e8b465ee728b)
Start importing Assets/GPVFX_POTIONS PACK/2D/2D Potions/2D PREFABS/POTION A.prefab using Guid(52989ede6653243e3ad7042d055e9766) Importer(815301076,1909f56bfc062723c751e8b465ee728b)  -> (artifact id: 'e935f3e28e3b33efa258dfd35a8ab837') in 0.158155 seconds 
  Import took 0.168045 seconds .

========================================================================
Received Import Request.
  Time since last request: 0.000338 seconds.
  path: Assets/GPVFX_POTIONS PACK/2D/2D Potions/2D PREFABS/POTION D.prefab
  artifactKey: Guid(836aea08aedbd4991a413b04eb69b25f) Importer(815301076,1909f56bfc062723c751e8b465ee728b)
Start importing Assets/GPVFX_POTIONS PACK/2D/2D Potions/2D PREFABS/POTION D.prefab using Guid(836aea08aedbd4991a413b04eb69b25f) Importer(815301076,1909f56bfc062723c751e8b465ee728b)  -> (artifact id: '022c8e1ff96bfa76985dba92d5d88949') in 0.141317 seconds 
  Import took 0.151183 seconds .

========================================================================
Received Import Request.
  Time since last request: 0.000287 seconds.
  path: Assets/GPVFX_POTIONS PACK/2D/2D Potions/2D PREFABS/POTION B.prefab
  artifactKey: Guid(4c357a4efeedc43188667d2b08b27375) Importer(815301076,1909f56bfc062723c751e8b465ee728b)
Start importing Assets/GPVFX_POTIONS PACK/2D/2D Potions/2D PREFABS/POTION B.prefab using Guid(4c357a4efeedc43188667d2b08b27375) Importer(815301076,1909f56bfc062723c751e8b465ee728b)  -> (artifact id: '72c99f879fe293c61558c426df02a659') in 0.129075 seconds 
  Import took 0.131265 seconds .

========================================================================
Received Import Request.
  Time since last request: 0.000282 seconds.
  path: Assets/GPVFX_POTIONS PACK/2D/2D Potions/2D PREFABS/POTION E.prefab
  artifactKey: Guid(70e0d40a040d248629b8a4648ef9e927) Importer(815301076,1909f56bfc062723c751e8b465ee728b)
Start importing Assets/GPVFX_POTIONS PACK/2D/2D Potions/2D PREFABS/POTION E.prefab using Guid(70e0d40a040d248629b8a4648ef9e927) Importer(815301076,1909f56bfc062723c751e8b465ee728b)  -> (artifact id: '813c3f1e81058bc83364ce062bb6eaf4') in 0.156257 seconds 
  Import took 0.158548 seconds .

========================================================================
Received Import Request.
  Time since last request: 0.000349 seconds.
  path: Assets/GPVFX_POTIONS PACK/2D/2D Potions/2D PREFABS/POTION C.prefab
  artifactKey: Guid(fc3eccfcfef0e496fae82ac63543223f) Importer(815301076,1909f56bfc062723c751e8b465ee728b)
Start importing Assets/GPVFX_POTIONS PACK/2D/2D Potions/2D PREFABS/POTION C.prefab using Guid(fc3eccfcfef0e496fae82ac63543223f) Importer(815301076,1909f56bfc062723c751e8b465ee728b)  -> (artifact id: 'af2e5a8178ec72da1ce5f577a6ac8aa2') in 0.140180 seconds 
  Import took 0.142388 seconds .

========================================================================
Received Import Request.
  Time since last request: 2.061764 seconds.
  path: Assets/GPVFX_POTIONS PACK/2D/2D Potions/2D Sprites
  artifactKey: Guid(7c959ab4dc9fd4f4f963d79a7a5a6457) Importer(815301076,1909f56bfc062723c751e8b465ee728b)
Start importing Assets/GPVFX_POTIONS PACK/2D/2D Potions/2D Sprites using Guid(7c959ab4dc9fd4f4f963d79a7a5a6457) Importer(815301076,1909f56bfc062723c751e8b465ee728b)  -> (artifact id: '26823534af82735068181d3ba175d889') in 0.048362 seconds 
  Import took 0.050587 seconds .

========================================================================
Received Import Request.
  Time since last request: 0.028688 seconds.
  path: Assets/GPVFX_POTIONS PACK/2D/2D Potions/2D Sprites/POTION A_2D Bottle Fill.png
  artifactKey: Guid(1cd21f5b1db804ac796e3ba60056c14e) Importer(815301076,1909f56bfc062723c751e8b465ee728b)
Start importing Assets/GPVFX_POTIONS PACK/2D/2D Potions/2D Sprites/POTION A_2D Bottle Fill.png using Guid(1cd21f5b1db804ac796e3ba60056c14e) Importer(815301076,1909f56bfc062723c751e8b465ee728b)  -> (artifact id: '06c1e9778fd5593ae37d8009f40e6c7f') in 0.213915 seconds 
  Import took 0.224058 seconds .

========================================================================
Received Import Request.
  Time since last request: 0.000336 seconds.
  path: Assets/GPVFX_POTIONS PACK/2D/2D Potions/2D Sprites/POTION B_2D Bottle Fill.png
  artifactKey: Guid(a7df5c8f2260744babbce3ab0101ee70) Importer(815301076,1909f56bfc062723c751e8b465ee728b)
Start importing Assets/GPVFX_POTIONS PACK/2D/2D Potions/2D Sprites/POTION B_2D Bottle Fill.png using Guid(a7df5c8f2260744babbce3ab0101ee70) Importer(815301076,1909f56bfc062723c751e8b465ee728b)  -> (artifact id: 'ce9848e29f1502f75d7ba6e6d2e74670') in 0.171933 seconds 
  Import took 0.174107 seconds .

========================================================================
Received Import Request.
  Time since last request: 0.000346 seconds.
  path: Assets/GPVFX_POTIONS PACK/2D/2D Potions/2D Sprites/POTION B_2D Detail_Cracked.png
  artifactKey: Guid(d61333285c2f142799efe73351bda8f7) Importer(815301076,1909f56bfc062723c751e8b465ee728b)
Start importing Assets/GPVFX_POTIONS PACK/2D/2D Potions/2D Sprites/POTION B_2D Detail_Cracked.png using Guid(d61333285c2f142799efe73351bda8f7) Importer(815301076,1909f56bfc062723c751e8b465ee728b)  -> (artifact id: '1815d6548bf428f5fe73c253ff97130c') in 0.194791 seconds 
  Import took 0.196956 seconds .

========================================================================
Received Import Request.
  Time since last request: 0.000269 seconds.
  path: Assets/GPVFX_POTIONS PACK/2D/2D Potions/2D Sprites/POTION A_2D Bottle.png
  artifactKey: Guid(3829c13dada4640fea96ae4e1f5bcb68) Importer(815301076,1909f56bfc062723c751e8b465ee728b)
Start importing Assets/GPVFX_POTIONS PACK/2D/2D Potions/2D Sprites/POTION A_2D Bottle.png using Guid(3829c13dada4640fea96ae4e1f5bcb68) Importer(815301076,1909f56bfc062723c751e8b465ee728b)  -> (artifact id: 'f1c2d9044608a4a5dd1f008669caa2c3') in 0.213707 seconds 
  Import took 0.217333 seconds .

========================================================================
Received Import Request.
  Time since last request: 0.000264 seconds.
  path: Assets/GPVFX_POTIONS PACK/2D/2D Potions/2D Sprites/POTION A_2D Detail_Cracked.png
  artifactKey: Guid(2bc8dcfcf3f694c968241464bf655b2b) Importer(815301076,1909f56bfc062723c751e8b465ee728b)
Start importing Assets/GPVFX_POTIONS PACK/2D/2D Potions/2D Sprites/POTION A_2D Detail_Cracked.png using Guid(2bc8dcfcf3f694c968241464bf655b2b) Importer(815301076,1909f56bfc062723c751e8b465ee728b)  -> (artifact id: '4fd855e6bd2719281453ea2babb0cc35') in 0.197973 seconds 
  Import took 0.205476 seconds .

========================================================================
Received Import Request.
  Time since last request: 1.222310 seconds.
  path: Assets/GPVFX_POTIONS PACK/2D/2D Potions/2D Sprites/POTION C_2D Bottle Fill.png
  artifactKey: Guid(0c9d75e78391245ecbd0816fd92db6d7) Importer(815301076,1909f56bfc062723c751e8b465ee728b)
Start importing Assets/GPVFX_POTIONS PACK/2D/2D Potions/2D Sprites/POTION C_2D Bottle Fill.png using Guid(0c9d75e78391245ecbd0816fd92db6d7) Importer(815301076,1909f56bfc062723c751e8b465ee728b)  -> (artifact id: 'cc336814959ed2edeefaf9c41387003a') in 0.160758 seconds 
  Import took 0.163741 seconds .

========================================================================
Received Import Request.
  Time since last request: 0.000213 seconds.
  path: Assets/GPVFX_POTIONS PACK/2D/2D Potions/2D Sprites/POTION E_2D Bottle.png
  artifactKey: Guid(31a183d81fd214f958ee6ac2206dce70) Importer(815301076,1909f56bfc062723c751e8b465ee728b)
Start importing Assets/GPVFX_POTIONS PACK/2D/2D Potions/2D Sprites/POTION E_2D Bottle.png using Guid(31a183d81fd214f958ee6ac2206dce70) Importer(815301076,1909f56bfc062723c751e8b465ee728b)  -> (artifact id: '948454ca5fdaee429f49f21095e19bcd') in 0.197767 seconds 
  Import took 0.200020 seconds .

========================================================================
Received Import Request.
  Time since last request: 0.000274 seconds.
  path: Assets/GPVFX_POTIONS PACK/2D/2D Potions/2D Sprites/POTION E_2D Detail_Cracked.png
  artifactKey: Guid(b93ecdc6d565145838ea53558b011ced) Importer(815301076,1909f56bfc062723c751e8b465ee728b)
Start importing Assets/GPVFX_POTIONS PACK/2D/2D Potions/2D Sprites/POTION E_2D Detail_Cracked.png using Guid(b93ecdc6d565145838ea53558b011ced) Importer(815301076,1909f56bfc062723c751e8b465ee728b)  -> (artifact id: 'd41e5dd91313cd46aa9e33f9b11d9afd') in 0.188239 seconds 
  Import took 0.190815 seconds .

========================================================================
Received Import Request.
  Time since last request: 0.000328 seconds.
  path: Assets/GPVFX_POTIONS PACK/2D/2D Potions/2D Sprites/POTION C_2D Bottle.png
  artifactKey: Guid(fd6d07bf446134f37aee2e7f79e709db) Importer(815301076,1909f56bfc062723c751e8b465ee728b)
Start importing Assets/GPVFX_POTIONS PACK/2D/2D Potions/2D Sprites/POTION C_2D Bottle.png using Guid(fd6d07bf446134f37aee2e7f79e709db) Importer(815301076,1909f56bfc062723c751e8b465ee728b)  -> (artifact id: '63858dccfb509eeddd2d518abe1f048d') in 0.183263 seconds 
  Import took 0.185855 seconds .

========================================================================
Received Import Request.
  Time since last request: 0.000198 seconds.
  path: Assets/GPVFX_POTIONS PACK/2D/2D Potions/2D Sprites/POTION D_2D Bottle Fill.png
  artifactKey: Guid(d45c9e6dc70d34b42b49e4c0615e9568) Importer(815301076,1909f56bfc062723c751e8b465ee728b)
Start importing Assets/GPVFX_POTIONS PACK/2D/2D Potions/2D Sprites/POTION D_2D Bottle Fill.png using Guid(d45c9e6dc70d34b42b49e4c0615e9568) Importer(815301076,1909f56bfc062723c751e8b465ee728b)  -> (artifact id: 'a0258d1a6ac9ccf2e5fd023f242e7453') in 0.184763 seconds 
  Import took 0.188904 seconds .

========================================================================
Received Import Request.
  Time since last request: 0.000325 seconds.
  path: Assets/GPVFX_POTIONS PACK/2D/2D Potions/2D Sprites/POTION D_2D Detail_Cracked.png
  artifactKey: Guid(3f96b7498445d41b198c0d7680c753bc) Importer(815301076,1909f56bfc062723c751e8b465ee728b)
Start importing Assets/GPVFX_POTIONS PACK/2D/2D Potions/2D Sprites/POTION D_2D Detail_Cracked.png using Guid(3f96b7498445d41b198c0d7680c753bc) Importer(815301076,1909f56bfc062723c751e8b465ee728b)  -> (artifact id: 'e48b2bb54cfd1afacdf8c5a628f85a4f') in 0.179734 seconds 
  Import took 0.182245 seconds .

========================================================================
Received Import Request.
  Time since last request: 0.000228 seconds.
  path: Assets/GPVFX_POTIONS PACK/2D/2D Potions/2D Sprites/POTION E_2D Bottle Fill.png
  artifactKey: Guid(9f7faed159a86499798efa1cc48bf93f) Importer(815301076,1909f56bfc062723c751e8b465ee728b)
Start importing Assets/GPVFX_POTIONS PACK/2D/2D Potions/2D Sprites/POTION E_2D Bottle Fill.png using Guid(9f7faed159a86499798efa1cc48bf93f) Importer(815301076,1909f56bfc062723c751e8b465ee728b)  -> (artifact id: 'fc2d2aee01f09c15c98a338a1c363fac') in 0.168011 seconds 
  Import took 0.170226 seconds .

========================================================================
Received Import Request.
  Time since last request: 0.000281 seconds.
  path: Assets/GPVFX_POTIONS PACK/2D/2D Potions/2D Sprites/POTION D_2D Bottle.png
  artifactKey: Guid(f2e671f3c2f3649ae900686eee7a12b6) Importer(815301076,1909f56bfc062723c751e8b465ee728b)
Start importing Assets/GPVFX_POTIONS PACK/2D/2D Potions/2D Sprites/POTION D_2D Bottle.png using Guid(f2e671f3c2f3649ae900686eee7a12b6) Importer(815301076,1909f56bfc062723c751e8b465ee728b)  -> (artifact id: 'd2e874384dedb73b00dc769c34e796c9') in 0.223135 seconds 
  Import took 0.225350 seconds .

========================================================================
Received Import Request.
  Time since last request: 0.000275 seconds.
  path: Assets/GPVFX_POTIONS PACK/2D/2D Potions/2D Sprites/POTION C_2D Detail_Cracked.png
  artifactKey: Guid(c02748a8f5f3d46bc93d6d712e335282) Importer(815301076,1909f56bfc062723c751e8b465ee728b)
Start importing Assets/GPVFX_POTIONS PACK/2D/2D Potions/2D Sprites/POTION C_2D Detail_Cracked.png using Guid(c02748a8f5f3d46bc93d6d712e335282) Importer(815301076,1909f56bfc062723c751e8b465ee728b)  -> (artifact id: '646e9778dfca7f9d4436414c11babe4e') in 0.170417 seconds 
  Import took 0.180242 seconds .

========================================================================
Received Import Request.
  Time since last request: 3.276161 seconds.
  path: Assets/GPVFX_POTIONS PACK/2D/2D Potions/2D_Variation
  artifactKey: Guid(f1d74b77c5e354fcd9ce3bc8076cc9ea) Importer(815301076,1909f56bfc062723c751e8b465ee728b)
Start importing Assets/GPVFX_POTIONS PACK/2D/2D Potions/2D_Variation using Guid(f1d74b77c5e354fcd9ce3bc8076cc9ea) Importer(815301076,1909f56bfc062723c751e8b465ee728b)  -> (artifact id: '6479bbb840d97992c059bb448c6c4ca0') in 0.046897 seconds 
  Import took 0.050324 seconds .

========================================================================
Received Import Request.
  Time since last request: 0.001380 seconds.
  path: Assets/GPVFX_POTIONS PACK/2D/2D Potions/2D_Variation/Bottle A Glass.png
  artifactKey: Guid(58cba0f23a50444719e48c44013aa2d3) Importer(815301076,1909f56bfc062723c751e8b465ee728b)
Start importing Assets/GPVFX_POTIONS PACK/2D/2D Potions/2D_Variation/Bottle A Glass.png using Guid(58cba0f23a50444719e48c44013aa2d3) Importer(815301076,1909f56bfc062723c751e8b465ee728b)  -> (artifact id: '818ad47a8403d70228b33da3454ecd94') in 0.155905 seconds 
  Import took 0.159265 seconds .

========================================================================
Received Import Request.
  Time since last request: 0.000249 seconds.
  path: Assets/GPVFX_POTIONS PACK/2D/2D Potions/2D_Variation/Bottle E Glass..png
  artifactKey: Guid(09d94cc91908344db8c3a88d68c441ce) Importer(815301076,1909f56bfc062723c751e8b465ee728b)
Start importing Assets/GPVFX_POTIONS PACK/2D/2D Potions/2D_Variation/Bottle E Glass..png using Guid(09d94cc91908344db8c3a88d68c441ce) Importer(815301076,1909f56bfc062723c751e8b465ee728b)  -> (artifact id: '9818e6a0f94a53a4893eab1f57bb21f0') in 0.140590 seconds 
  Import took 0.142898 seconds .

========================================================================
Received Import Request.
  Time since last request: 0.000225 seconds.
  path: Assets/GPVFX_POTIONS PACK/2D/2D Potions/2D_Variation/Bottle D glass..png
  artifactKey: Guid(f8935064ca9304a83a3aa2cedf9dadef) Importer(815301076,1909f56bfc062723c751e8b465ee728b)
Start importing Assets/GPVFX_POTIONS PACK/2D/2D Potions/2D_Variation/Bottle D glass..png using Guid(f8935064ca9304a83a3aa2cedf9dadef) Importer(815301076,1909f56bfc062723c751e8b465ee728b)  -> (artifact id: '04ee0d7b33fcb175106fd78729ae880c') in 0.243190 seconds 
  Import took 0.245728 seconds .

========================================================================
Received Import Request.
  Time since last request: 0.000319 seconds.
  path: Assets/GPVFX_POTIONS PACK/2D/2D Potions/2D_Variation/Bottle C Glass..png
  artifactKey: Guid(321e52832c1c44b929fba78b700660b7) Importer(815301076,1909f56bfc062723c751e8b465ee728b)
Start importing Assets/GPVFX_POTIONS PACK/2D/2D Potions/2D_Variation/Bottle C Glass..png using Guid(321e52832c1c44b929fba78b700660b7) Importer(815301076,1909f56bfc062723c751e8b465ee728b)  -> (artifact id: 'a010b7260b9cbbcd91bf57887fdbab3b') in 0.283942 seconds 
  Import took 0.286177 seconds .

========================================================================
Received Import Request.
  Time since last request: 0.000345 seconds.
  path: Assets/GPVFX_POTIONS PACK/2D/2D Potions/2D_Variation/Bottle B Glass.png
  artifactKey: Guid(27a48b1b4d7fc4f92af4238c03a5b1da) Importer(815301076,1909f56bfc062723c751e8b465ee728b)
Start importing Assets/GPVFX_POTIONS PACK/2D/2D Potions/2D_Variation/Bottle B Glass.png using Guid(27a48b1b4d7fc4f92af4238c03a5b1da) Importer(815301076,1909f56bfc062723c751e8b465ee728b)  -> (artifact id: '7a85dca49dde4040c379c789ec04fd70') in 0.182275 seconds 
  Import took 0.184861 seconds .

========================================================================
Received Import Request.
  Time since last request: 78.390254 seconds.
  path: Assets/Scenes/ItemStore.unity
  artifactKey: Guid(0cc0347e06ddf4347bd7212454286fa4) Importer(815301076,1909f56bfc062723c751e8b465ee728b)
Start importing Assets/Scenes/ItemStore.unity using Guid(0cc0347e06ddf4347bd7212454286fa4) Importer(815301076,1909f56bfc062723c751e8b465ee728b)  -> (artifact id: '927e8734ff77e1f423765e509c24a1ed') in 0.049388 seconds 
  Import took 0.052116 seconds .

========================================================================
Received Import Request.
  Time since last request: 58.388948 seconds.
  path: Assets/Scripts/CustomerCtrl.cs
  artifactKey: Guid(0d58ddb77241ae94796ef8bf93923188) Importer(815301076,1909f56bfc062723c751e8b465ee728b)
Start importing Assets/Scripts/CustomerCtrl.cs using Guid(0d58ddb77241ae94796ef8bf93923188) Importer(815301076,1909f56bfc062723c751e8b465ee728b)  -> (artifact id: 'd4b22b43539e5a9af4f3370750db6ed1') in 0.052096 seconds 
  Import took 0.055216 seconds .

========================================================================
Received Prepare
Registering precompiled user dll's ...
Registered in 0.010326 seconds.
Begin MonoManager ReloadAssembly
Native extension for WindowsStandalone target not found
Refreshing native plugins compatible for Editor in 0.87 ms, found 2 plugins.
Preloading 0 native plugins for Editor in 0.00 ms.
Mono: successfully reloaded assembly
- Completed reload, in  1.920 seconds
Domain Reload Profiling:
	ReloadAssembly (1921ms)
		BeginReloadAssembly (233ms)
			ExecutionOrderSort (0ms)
			DisableScriptedObjects (8ms)
			BackupInstance (0ms)
			ReleaseScriptingObjects (0ms)
			CreateAndSetChildDomain (57ms)
		EndReloadAssembly (1544ms)
			LoadAssemblies (215ms)
			RebuildTransferFunctionScriptingTraits (0ms)
			SetupTypeCache (518ms)
			ReleaseScriptCaches (1ms)
			RebuildScriptCaches (71ms)
			SetupLoadedEditorAssemblies (574ms)
				LogAssemblyErrors (0ms)
				InitializePlatformSupportModulesInManaged (9ms)
				SetLoadedEditorAssemblies (1ms)
				RefreshPlugins (1ms)
				BeforeProcessingInitializeOnLoad (194ms)
				ProcessInitializeOnLoadAttributes (327ms)
				ProcessInitializeOnLoadMethodAttributes (19ms)
				AfterProcessingInitializeOnLoad (22ms)
				EditorAssembliesLoaded (0ms)
			ExecutionOrderSort2 (0ms)
			AwakeInstancesAfterBackupRestoration (13ms)
Platform modules already initialized, skipping
Refreshing native plugins compatible for Editor in 0.83 ms, found 2 plugins.
Preloading 0 native plugins for Editor in 0.00 ms.
Unloading 1697 Unused Serialized files (Serialized files now loaded: 0)
System memory in use before: 92.6 MB.
System memory in use after: 92.7 MB.

Unloading 14 unused Assets to reduce memory usage. Loaded Objects now: 2179.
Total: 4.787800 ms (FindLiveObjects: 0.174700 ms CreateObjectMapping: 0.071600 ms MarkObjects: 4.422800 ms  DeleteObjects: 0.114500 ms)

AssetImportParameters requested are different than current active one (requested -> active):
  custom:framework-win-MediaFoundation: 216162199b28c13a410421893ffa2e32 -> 
  custom:video-decoder-ogg-theora: a1e56fd34408186e4bbccfd4996cb3dc -> 
  custom:container-muxer-webm: aa71ff27fc2769a1b78a27578f13a17b -> 
  custom:container-demuxer-webm: 4f35f7cbe854078d1ac9338744f61a02 -> 
  custom:container-demuxer-ogg: 62fdf1f143b41e24485cea50d1cbac27 -> 
  custom:video-encoder-webm-vp8: eb34c28f22e8b96e1ab97ce403110664 -> 
  custom:video-decoder-webm-vp8: 9c59270c3fd7afecdb556c50c9e8de78 -> 
  custom:audio-decoder-ogg-vorbis: bf7c407c2cedff20999df2af8eb42d56 -> 
  custom:audio-encoder-webm-vorbis: bf7c407c2cedff20999df2af8eb42d56 -> 
========================================================================
Received Prepare
Registering precompiled user dll's ...
Registered in 0.004099 seconds.
Begin MonoManager ReloadAssembly
Native extension for WindowsStandalone target not found
Refreshing native plugins compatible for Editor in 0.45 ms, found 2 plugins.
Preloading 0 native plugins for Editor in 0.00 ms.
Mono: successfully reloaded assembly
- Completed reload, in  1.053 seconds
Domain Reload Profiling:
	ReloadAssembly (1053ms)
		BeginReloadAssembly (148ms)
			ExecutionOrderSort (0ms)
			DisableScriptedObjects (4ms)
			BackupInstance (0ms)
			ReleaseScriptingObjects (0ms)
			CreateAndSetChildDomain (38ms)
		EndReloadAssembly (834ms)
			LoadAssemblies (128ms)
			RebuildTransferFunctionScriptingTraits (0ms)
			SetupTypeCache (293ms)
			ReleaseScriptCaches (1ms)
			RebuildScriptCaches (37ms)
			SetupLoadedEditorAssemblies (304ms)
				LogAssemblyErrors (0ms)
				InitializePlatformSupportModulesInManaged (6ms)
				SetLoadedEditorAssemblies (0ms)
				RefreshPlugins (1ms)
				BeforeProcessingInitializeOnLoad (105ms)
				ProcessInitializeOnLoadAttributes (171ms)
				ProcessInitializeOnLoadMethodAttributes (10ms)
				AfterProcessingInitializeOnLoad (11ms)
				EditorAssembliesLoaded (0ms)
			ExecutionOrderSort2 (0ms)
			AwakeInstancesAfterBackupRestoration (7ms)
Platform modules already initialized, skipping
Refreshing native plugins compatible for Editor in 0.60 ms, found 2 plugins.
Preloading 0 native plugins for Editor in 0.00 ms.
Unloading 1697 Unused Serialized files (Serialized files now loaded: 0)
System memory in use before: 92.6 MB.
System memory in use after: 92.7 MB.

Unloading 14 unused Assets to reduce memory usage. Loaded Objects now: 2181.
Total: 2.819700 ms (FindLiveObjects: 0.115800 ms CreateObjectMapping: 0.069200 ms MarkObjects: 2.602000 ms  DeleteObjects: 0.031200 ms)

AssetImportParameters requested are different than current active one (requested -> active):
  custom:framework-win-MediaFoundation: 216162199b28c13a410421893ffa2e32 -> 
  custom:video-decoder-ogg-theora: a1e56fd34408186e4bbccfd4996cb3dc -> 
  custom:container-muxer-webm: aa71ff27fc2769a1b78a27578f13a17b -> 
  custom:container-demuxer-webm: 4f35f7cbe854078d1ac9338744f61a02 -> 
  custom:container-demuxer-ogg: 62fdf1f143b41e24485cea50d1cbac27 -> 
  custom:video-encoder-webm-vp8: eb34c28f22e8b96e1ab97ce403110664 -> 
  custom:video-decoder-webm-vp8: 9c59270c3fd7afecdb556c50c9e8de78 -> 
  custom:audio-decoder-ogg-vorbis: bf7c407c2cedff20999df2af8eb42d56 -> 
  custom:audio-encoder-webm-vorbis: bf7c407c2cedff20999df2af8eb42d56 -> 
========================================================================
Received Prepare
Registering precompiled user dll's ...
Registered in 0.004029 seconds.
Begin MonoManager ReloadAssembly
Native extension for WindowsStandalone target not found
Refreshing native plugins compatible for Editor in 0.91 ms, found 2 plugins.
Preloading 0 native plugins for Editor in 0.00 ms.
Mono: successfully reloaded assembly
- Completed reload, in  1.212 seconds
Domain Reload Profiling:
	ReloadAssembly (1213ms)
		BeginReloadAssembly (149ms)
			ExecutionOrderSort (0ms)
			DisableScriptedObjects (5ms)
			BackupInstance (0ms)
			ReleaseScriptingObjects (0ms)
			CreateAndSetChildDomain (38ms)
		EndReloadAssembly (980ms)
			LoadAssemblies (137ms)
			RebuildTransferFunctionScriptingTraits (0ms)
			SetupTypeCache (320ms)
			ReleaseScriptCaches (1ms)
			RebuildScriptCaches (48ms)
			SetupLoadedEditorAssemblies (370ms)
				LogAssemblyErrors (0ms)
				InitializePlatformSupportModulesInManaged (6ms)
				SetLoadedEditorAssemblies (0ms)
				RefreshPlugins (1ms)
				BeforeProcessingInitializeOnLoad (126ms)
				ProcessInitializeOnLoadAttributes (210ms)
				ProcessInitializeOnLoadMethodAttributes (12ms)
				AfterProcessingInitializeOnLoad (14ms)
				EditorAssembliesLoaded (0ms)
			ExecutionOrderSort2 (0ms)
			AwakeInstancesAfterBackupRestoration (7ms)
Platform modules already initialized, skipping
Refreshing native plugins compatible for Editor in 0.82 ms, found 2 plugins.
Preloading 0 native plugins for Editor in 0.00 ms.
Unloading 1697 Unused Serialized files (Serialized files now loaded: 0)
System memory in use before: 92.6 MB.
System memory in use after: 92.8 MB.

Unloading 14 unused Assets to reduce memory usage. Loaded Objects now: 2183.
Total: 3.373200 ms (FindLiveObjects: 0.120400 ms CreateObjectMapping: 0.033500 ms MarkObjects: 3.201500 ms  DeleteObjects: 0.016500 ms)

AssetImportParameters requested are different than current active one (requested -> active):
  custom:framework-win-MediaFoundation: 216162199b28c13a410421893ffa2e32 -> 
  custom:video-decoder-ogg-theora: a1e56fd34408186e4bbccfd4996cb3dc -> 
  custom:container-muxer-webm: aa71ff27fc2769a1b78a27578f13a17b -> 
  custom:container-demuxer-webm: 4f35f7cbe854078d1ac9338744f61a02 -> 
  custom:container-demuxer-ogg: 62fdf1f143b41e24485cea50d1cbac27 -> 
  custom:video-encoder-webm-vp8: eb34c28f22e8b96e1ab97ce403110664 -> 
  custom:video-decoder-webm-vp8: 9c59270c3fd7afecdb556c50c9e8de78 -> 
  custom:audio-decoder-ogg-vorbis: bf7c407c2cedff20999df2af8eb42d56 -> 
  custom:audio-encoder-webm-vorbis: bf7c407c2cedff20999df2af8eb42d56 -> 
========================================================================
Received Prepare
Registering precompiled user dll's ...
Registered in 0.003173 seconds.
Begin MonoManager ReloadAssembly
Native extension for WindowsStandalone target not found
Refreshing native plugins compatible for Editor in 0.40 ms, found 2 plugins.
Preloading 0 native plugins for Editor in 0.00 ms.
Mono: successfully reloaded assembly
- Completed reload, in  0.777 seconds
Domain Reload Profiling:
	ReloadAssembly (778ms)
		BeginReloadAssembly (112ms)
			ExecutionOrderSort (0ms)
			DisableScriptedObjects (4ms)
			BackupInstance (0ms)
			ReleaseScriptingObjects (0ms)
			CreateAndSetChildDomain (22ms)
		EndReloadAssembly (605ms)
			LoadAssemblies (88ms)
			RebuildTransferFunctionScriptingTraits (0ms)
			SetupTypeCache (195ms)
			ReleaseScriptCaches (1ms)
			RebuildScriptCaches (33ms)
			SetupLoadedEditorAssemblies (228ms)
				LogAssemblyErrors (0ms)
				InitializePlatformSupportModulesInManaged (4ms)
				SetLoadedEditorAssemblies (0ms)
				RefreshPlugins (0ms)
				BeforeProcessingInitializeOnLoad (75ms)
				ProcessInitializeOnLoadAttributes (132ms)
				ProcessInitializeOnLoadMethodAttributes (8ms)
				AfterProcessingInitializeOnLoad (8ms)
				EditorAssembliesLoaded (0ms)
			ExecutionOrderSort2 (0ms)
			AwakeInstancesAfterBackupRestoration (6ms)
Platform modules already initialized, skipping
Refreshing native plugins compatible for Editor in 0.47 ms, found 2 plugins.
Preloading 0 native plugins for Editor in 0.00 ms.
Unloading 1696 Unused Serialized files (Serialized files now loaded: 0)
System memory in use before: 92.6 MB.
System memory in use after: 92.7 MB.

Unloading 15 unused Assets to reduce memory usage. Loaded Objects now: 2184.
Total: 2.197300 ms (FindLiveObjects: 0.109000 ms CreateObjectMapping: 0.030000 ms MarkObjects: 2.040200 ms  DeleteObjects: 0.016900 ms)

AssetImportParameters requested are different than current active one (requested -> active):
  custom:framework-win-MediaFoundation: 216162199b28c13a410421893ffa2e32 -> 
  custom:video-decoder-ogg-theora: a1e56fd34408186e4bbccfd4996cb3dc -> 
  custom:container-muxer-webm: aa71ff27fc2769a1b78a27578f13a17b -> 
  custom:container-demuxer-webm: 4f35f7cbe854078d1ac9338744f61a02 -> 
  custom:container-demuxer-ogg: 62fdf1f143b41e24485cea50d1cbac27 -> 
  custom:video-encoder-webm-vp8: eb34c28f22e8b96e1ab97ce403110664 -> 
  custom:video-decoder-webm-vp8: 9c59270c3fd7afecdb556c50c9e8de78 -> 
  custom:audio-decoder-ogg-vorbis: bf7c407c2cedff20999df2af8eb42d56 -> 
  custom:audio-encoder-webm-vorbis: bf7c407c2cedff20999df2af8eb42d56 -> 
========================================================================
Received Prepare
Registering precompiled user dll's ...
Registered in 0.015165 seconds.
Begin MonoManager ReloadAssembly
Native extension for WindowsStandalone target not found
Refreshing native plugins compatible for Editor in 0.45 ms, found 2 plugins.
Preloading 0 native plugins for Editor in 0.00 ms.
Mono: successfully reloaded assembly
- Completed reload, in  0.805 seconds
Domain Reload Profiling:
	ReloadAssembly (805ms)
		BeginReloadAssembly (141ms)
			ExecutionOrderSort (0ms)
			DisableScriptedObjects (5ms)
			BackupInstance (0ms)
			ReleaseScriptingObjects (0ms)
			CreateAndSetChildDomain (35ms)
		EndReloadAssembly (584ms)
			LoadAssemblies (100ms)
			RebuildTransferFunctionScriptingTraits (0ms)
			SetupTypeCache (185ms)
			ReleaseScriptCaches (1ms)
			RebuildScriptCaches (27ms)
			SetupLoadedEditorAssemblies (221ms)
				LogAssemblyErrors (0ms)
				InitializePlatformSupportModulesInManaged (3ms)
				SetLoadedEditorAssemblies (0ms)
				RefreshPlugins (1ms)
				BeforeProcessingInitializeOnLoad (73ms)
				ProcessInitializeOnLoadAttributes (129ms)
				ProcessInitializeOnLoadMethodAttributes (7ms)
				AfterProcessingInitializeOnLoad (8ms)
				EditorAssembliesLoaded (0ms)
			ExecutionOrderSort2 (0ms)
			AwakeInstancesAfterBackupRestoration (5ms)
Platform modules already initialized, skipping
Refreshing native plugins compatible for Editor in 0.61 ms, found 2 plugins.
Preloading 0 native plugins for Editor in 0.00 ms.
Unloading 1696 Unused Serialized files (Serialized files now loaded: 0)
System memory in use before: 92.6 MB.
System memory in use after: 92.8 MB.

Unloading 14 unused Assets to reduce memory usage. Loaded Objects now: 2186.
Total: 2.172300 ms (FindLiveObjects: 0.105000 ms CreateObjectMapping: 0.026600 ms MarkObjects: 2.023900 ms  DeleteObjects: 0.015600 ms)

AssetImportParameters requested are different than current active one (requested -> active):
  custom:framework-win-MediaFoundation: 216162199b28c13a410421893ffa2e32 -> 
  custom:video-decoder-ogg-theora: a1e56fd34408186e4bbccfd4996cb3dc -> 
  custom:container-muxer-webm: aa71ff27fc2769a1b78a27578f13a17b -> 
  custom:container-demuxer-webm: 4f35f7cbe854078d1ac9338744f61a02 -> 
  custom:container-demuxer-ogg: 62fdf1f143b41e24485cea50d1cbac27 -> 
  custom:video-encoder-webm-vp8: eb34c28f22e8b96e1ab97ce403110664 -> 
  custom:video-decoder-webm-vp8: 9c59270c3fd7afecdb556c50c9e8de78 -> 
  custom:audio-decoder-ogg-vorbis: bf7c407c2cedff20999df2af8eb42d56 -> 
  custom:audio-encoder-webm-vorbis: bf7c407c2cedff20999df2af8eb42d56 -> 
AssetImportWorkerClient::OnTransportError - code=2 error=End of file
