Using pre-set license
Built from '2020.3/staging' branch; Version is '2020.3.25f1 (9b9180224418) revision 10195328'; Using compiler version '192528614'; Build Type 'Release'
OS: 'Windows 11  (10.0.22000) 64bit Core' Language: 'ko' Physical Memory: 16183 MB
BatchMode: 1, IsHumanControllingUs: 0, StartBugReporterOnCrash: 0, Is64bit: 1, IsPro: 0

COMMAND LINE ARGUMENTS:
C:\Program Files\Unity\Hub\Editor\2020.3.25f1\Editor\Unity.exe
-adb2
-batchMode
-noUpm
-name
AssetImportWorker0
-projectPath
F:/Univ/Dission (2022-2-1)/dimisoft_project
-logFile
Logs/AssetImportWorker0.log
-srvPort
63403
Successfully changed project path to: F:/Univ/Dission (2022-2-1)/dimisoft_project
F:/Univ/Dission (2022-2-1)/dimisoft_project
Using Asset Import Pipeline V2.
Refreshing native plugins compatible for Editor in 40.60 ms, found 2 plugins.
Preloading 0 native plugins for Editor in 0.00 ms.
Initialize engine version: 2020.3.25f1 (9b9180224418)
[Subsystems] Discovering subsystems at path C:/Program Files/Unity/Hub/Editor/2020.3.25f1/Editor/Data/Resources/UnitySubsystems
[Subsystems] Discovering subsystems at path F:/Univ/Dission (2022-2-1)/dimisoft_project/Assets
GfxDevice: creating device client; threaded=0
Direct3D:
    Version:  Direct3D 11.0 [level 11.1]
    Renderer: NVIDIA GeForce MX450 (ID=0x1f97)
    Vendor:   
    VRAM:     1928 MB
    Driver:   27.21.14.5245
Initialize mono
Mono path[0] = 'C:/Program Files/Unity/Hub/Editor/2020.3.25f1/Editor/Data/Managed'
Mono path[1] = 'C:/Program Files/Unity/Hub/Editor/2020.3.25f1/Editor/Data/MonoBleedingEdge/lib/mono/unityjit'
Mono config path = 'C:/Program Files/Unity/Hub/Editor/2020.3.25f1/Editor/Data/MonoBleedingEdge/etc'
Using monoOptions --debugger-agent=transport=dt_socket,embedding=1,server=y,suspend=n,address=127.0.0.1:56924
Begin MonoManager ReloadAssembly
Registering precompiled unity dll's ...
Register platform support module: C:/Program Files/Unity/Hub/Editor/2020.3.25f1/Editor/Data/PlaybackEngines/WindowsStandaloneSupport/UnityEditor.WindowsStandalone.Extensions.dll
Registered in 0.002561 seconds.
Native extension for WindowsStandalone target not found
Refreshing native plugins compatible for Editor in 41.34 ms, found 2 plugins.
Preloading 0 native plugins for Editor in 0.00 ms.
Mono: successfully reloaded assembly
- Completed reload, in  0.518 seconds
Domain Reload Profiling:
	ReloadAssembly (518ms)
		BeginReloadAssembly (58ms)
			ExecutionOrderSort (0ms)
			DisableScriptedObjects (0ms)
			BackupInstance (0ms)
			ReleaseScriptingObjects (0ms)
			CreateAndSetChildDomain (1ms)
		EndReloadAssembly (391ms)
			LoadAssemblies (56ms)
			RebuildTransferFunctionScriptingTraits (0ms)
			SetupTypeCache (127ms)
			ReleaseScriptCaches (0ms)
			RebuildScriptCaches (24ms)
			SetupLoadedEditorAssemblies (143ms)
				LogAssemblyErrors (0ms)
				InitializePlatformSupportModulesInManaged (3ms)
				SetLoadedEditorAssemblies (0ms)
				RefreshPlugins (41ms)
				BeforeProcessingInitializeOnLoad (10ms)
				ProcessInitializeOnLoadAttributes (67ms)
				ProcessInitializeOnLoadMethodAttributes (21ms)
				AfterProcessingInitializeOnLoad (0ms)
				EditorAssembliesLoaded (0ms)
			ExecutionOrderSort2 (0ms)
			AwakeInstancesAfterBackupRestoration (0ms)
Platform modules already initialized, skipping
Registering precompiled user dll's ...
Registered in 0.002689 seconds.
Begin MonoManager ReloadAssembly
Native extension for WindowsStandalone target not found
Refreshing native plugins compatible for Editor in 0.41 ms, found 2 plugins.
Preloading 0 native plugins for Editor in 0.00 ms.
Mono: successfully reloaded assembly
- Completed reload, in  0.830 seconds
Domain Reload Profiling:
	ReloadAssembly (831ms)
		BeginReloadAssembly (131ms)
			ExecutionOrderSort (0ms)
			DisableScriptedObjects (3ms)
			BackupInstance (0ms)
			ReleaseScriptingObjects (0ms)
			CreateAndSetChildDomain (14ms)
		EndReloadAssembly (648ms)
			LoadAssemblies (88ms)
			RebuildTransferFunctionScriptingTraits (0ms)
			SetupTypeCache (204ms)
			ReleaseScriptCaches (0ms)
			RebuildScriptCaches (40ms)
			SetupLoadedEditorAssemblies (250ms)
				LogAssemblyErrors (0ms)
				InitializePlatformSupportModulesInManaged (4ms)
				SetLoadedEditorAssemblies (1ms)
				RefreshPlugins (0ms)
				BeforeProcessingInitializeOnLoad (86ms)
				ProcessInitializeOnLoadAttributes (144ms)
				ProcessInitializeOnLoadMethodAttributes (7ms)
				AfterProcessingInitializeOnLoad (8ms)
				EditorAssembliesLoaded (0ms)
			ExecutionOrderSort2 (0ms)
			AwakeInstancesAfterBackupRestoration (4ms)
Platform modules already initialized, skipping
========================================================================
Worker process is ready to serve import requests
Launched and connected shader compiler UnityShaderCompiler.exe after 0.05 seconds
Refreshing native plugins compatible for Editor in 0.46 ms, found 2 plugins.
Preloading 0 native plugins for Editor in 0.00 ms.
Unloading 1718 Unused Serialized files (Serialized files now loaded: 0)
System memory in use before: 91.4 MB.
System memory in use after: 91.5 MB.

Unloading 19 unused Assets to reduce memory usage. Loaded Objects now: 2169.
Total: 2.064200 ms (FindLiveObjects: 0.103000 ms CreateObjectMapping: 0.029900 ms MarkObjects: 1.869700 ms  DeleteObjects: 0.060900 ms)

AssetImportParameters requested are different than current active one (requested -> active):
  custom:framework-win-MediaFoundation: 216162199b28c13a410421893ffa2e32 -> 
  custom:video-decoder-ogg-theora: a1e56fd34408186e4bbccfd4996cb3dc -> 
  custom:container-muxer-webm: aa71ff27fc2769a1b78a27578f13a17b -> 
  custom:container-demuxer-webm: 4f35f7cbe854078d1ac9338744f61a02 -> 
  custom:container-demuxer-ogg: 62fdf1f143b41e24485cea50d1cbac27 -> 
  custom:video-encoder-webm-vp8: eb34c28f22e8b96e1ab97ce403110664 -> 
  custom:video-decoder-webm-vp8: 9c59270c3fd7afecdb556c50c9e8de78 -> 
  custom:audio-decoder-ogg-vorbis: bf7c407c2cedff20999df2af8eb42d56 -> 
  custom:audio-encoder-webm-vorbis: bf7c407c2cedff20999df2af8eb42d56 -> 
========================================================================
Received Import Request.
  path: Assets/GPVFX_POTIONS PACK/3D/POTIONS 3D_Materials/3d Potion B_Fill.mat
  artifactKey: Guid(ec15a7f470319407ba348eb79f6879fe) Importer(815301076,1909f56bfc062723c751e8b465ee728b)
Start importing Assets/GPVFX_POTIONS PACK/3D/POTIONS 3D_Materials/3d Potion B_Fill.mat using Guid(ec15a7f470319407ba348eb79f6879fe) Importer(815301076,1909f56bfc062723c751e8b465ee728b)  -> (artifact id: 'f7c8f74d235a1b43c9dac1015cfa2190') in 0.210346 seconds 
  Import took 0.212804 seconds .

========================================================================
Received Import Request.
  Time since last request: 0.000267 seconds.
  path: Assets/GPVFX_POTIONS PACK/3D/POTIONS 3D_Materials/3d Potion A_Fill.mat
  artifactKey: Guid(c5d81214b2af0493082fef7a9ef0dca2) Importer(815301076,1909f56bfc062723c751e8b465ee728b)
Start importing Assets/GPVFX_POTIONS PACK/3D/POTIONS 3D_Materials/3d Potion A_Fill.mat using Guid(c5d81214b2af0493082fef7a9ef0dca2) Importer(815301076,1909f56bfc062723c751e8b465ee728b)  -> (artifact id: 'e2a8152974420483fae1ea4ce2f0d893') in 0.119765 seconds 
  Import took 0.122378 seconds .

========================================================================
Received Import Request.
  Time since last request: 0.000335 seconds.
  path: Assets/GPVFX_POTIONS PACK/3D/POTIONS 3D_Materials/3d Potion B_Fill 1.mat
  artifactKey: Guid(26e68b60bf2aed947ade5476433233af) Importer(815301076,1909f56bfc062723c751e8b465ee728b)
Start importing Assets/GPVFX_POTIONS PACK/3D/POTIONS 3D_Materials/3d Potion B_Fill 1.mat using Guid(26e68b60bf2aed947ade5476433233af) Importer(815301076,1909f56bfc062723c751e8b465ee728b)  -> (artifact id: '10c575b3e35c520a6f73c8ee9858697e') in 0.128351 seconds 
  Import took 0.131927 seconds .

========================================================================
Received Import Request.
  Time since last request: 0.000236 seconds.
  path: Assets/GPVFX_POTIONS PACK/3D/POTIONS 3D_Materials/3d Potion C_Fill.mat
  artifactKey: Guid(c29de21f41603497c97dcf1376d27872) Importer(815301076,1909f56bfc062723c751e8b465ee728b)
Start importing Assets/GPVFX_POTIONS PACK/3D/POTIONS 3D_Materials/3d Potion C_Fill.mat using Guid(c29de21f41603497c97dcf1376d27872) Importer(815301076,1909f56bfc062723c751e8b465ee728b)  -> (artifact id: '1a6da297a1b8fb29d564afbd411a8db4') in 0.118152 seconds 
  Import took 0.120959 seconds .

========================================================================
Received Import Request.
  Time since last request: 0.000225 seconds.
  path: Assets/GPVFX_POTIONS PACK/3D/POTIONS 3D_Materials/3d Potion D_Fill 1.mat
  artifactKey: Guid(2b71ff798a71233499d86b1e6068f3f3) Importer(815301076,1909f56bfc062723c751e8b465ee728b)
Start importing Assets/GPVFX_POTIONS PACK/3D/POTIONS 3D_Materials/3d Potion D_Fill 1.mat using Guid(2b71ff798a71233499d86b1e6068f3f3) Importer(815301076,1909f56bfc062723c751e8b465ee728b)  -> (artifact id: '7fef18c7dbfb9deb93a10c80c5af2a47') in 0.203647 seconds 
  Import took 0.206224 seconds .

========================================================================
Received Import Request.
  Time since last request: 0.000172 seconds.
  path: Assets/GPVFX_POTIONS PACK/3D/POTIONS 3D_Materials/3d Potion C_Fill 1.mat
  artifactKey: Guid(a6660503c7c796c47943ecd60dbde5f0) Importer(815301076,1909f56bfc062723c751e8b465ee728b)
Start importing Assets/GPVFX_POTIONS PACK/3D/POTIONS 3D_Materials/3d Potion C_Fill 1.mat using Guid(a6660503c7c796c47943ecd60dbde5f0) Importer(815301076,1909f56bfc062723c751e8b465ee728b)  -> (artifact id: '2e36f8068dc0961770dc9aa4ddaa96ec') in 0.129512 seconds 
  Import took 0.132202 seconds .

========================================================================
Received Import Request.
  Time since last request: 0.000283 seconds.
  path: Assets/GPVFX_POTIONS PACK/3D/POTIONS 3D_Materials/3d Potion A_Fill 1.mat
  artifactKey: Guid(a2622121313a8084b809b5e0b581cc56) Importer(815301076,1909f56bfc062723c751e8b465ee728b)
Start importing Assets/GPVFX_POTIONS PACK/3D/POTIONS 3D_Materials/3d Potion A_Fill 1.mat using Guid(a2622121313a8084b809b5e0b581cc56) Importer(815301076,1909f56bfc062723c751e8b465ee728b)  -> (artifact id: 'e47b61dbdfa2dca526acde5f492c9b34') in 0.118934 seconds 
  Import took 0.121227 seconds .

========================================================================
Received Import Request.
  Time since last request: 0.000340 seconds.
  path: Assets/GPVFX_POTIONS PACK/3D/POTIONS 3D_Materials/3d Potion D_Fill.mat
  artifactKey: Guid(edf176e77514c40e683150a038a10cc7) Importer(815301076,1909f56bfc062723c751e8b465ee728b)
Start importing Assets/GPVFX_POTIONS PACK/3D/POTIONS 3D_Materials/3d Potion D_Fill.mat using Guid(edf176e77514c40e683150a038a10cc7) Importer(815301076,1909f56bfc062723c751e8b465ee728b)  -> (artifact id: '2bfe1a3375afa6ffdaeb01a2a03dc7c5') in 0.137138 seconds 
  Import took 0.139460 seconds .

========================================================================
Received Import Request.
  Time since last request: 6.837898 seconds.
  path: Assets/GPVFX_POTIONS PACK/3D/POTIONS 3D_Materials/3d Potion E_Fill.mat
  artifactKey: Guid(a8c9b52c691f448b59ae3b6653ad82d4) Importer(815301076,1909f56bfc062723c751e8b465ee728b)
Start importing Assets/GPVFX_POTIONS PACK/3D/POTIONS 3D_Materials/3d Potion E_Fill.mat using Guid(a8c9b52c691f448b59ae3b6653ad82d4) Importer(815301076,1909f56bfc062723c751e8b465ee728b)  -> (artifact id: 'ff7221dcb63d754db65159985338816e') in 0.135885 seconds 
  Import took 0.138623 seconds .

========================================================================
Received Import Request.
  Time since last request: 0.000230 seconds.
  path: Assets/GPVFX_POTIONS PACK/3D/POTIONS 3D_Materials/3d Potion E_Fill 1.mat
  artifactKey: Guid(246c5de85aa1210409ea2e09e3151ef2) Importer(815301076,1909f56bfc062723c751e8b465ee728b)
Start importing Assets/GPVFX_POTIONS PACK/3D/POTIONS 3D_Materials/3d Potion E_Fill 1.mat using Guid(246c5de85aa1210409ea2e09e3151ef2) Importer(815301076,1909f56bfc062723c751e8b465ee728b)  -> (artifact id: '91603f6f54aebe3921f7f569fc1cd86a') in 0.122420 seconds 
  Import took 0.124791 seconds .

========================================================================
Received Import Request.
  Time since last request: 16.129144 seconds.
  path: Assets/GPVFX_POTIONS PACK/3D/3D PREFABS/GPVFX_POTION A.prefab
  artifactKey: Guid(d027d4bce170c4abf8619a7d7980440e) Importer(815301076,1909f56bfc062723c751e8b465ee728b)
Start importing Assets/GPVFX_POTIONS PACK/3D/3D PREFABS/GPVFX_POTION A.prefab using Guid(d027d4bce170c4abf8619a7d7980440e) Importer(815301076,1909f56bfc062723c751e8b465ee728b)  -> (artifact id: 'c5003b501f539097a5d33c25f51cc7b3') in 0.180825 seconds 
  Import took 0.190697 seconds .

========================================================================
Received Import Request.
  Time since last request: 6.962406 seconds.
  path: Assets/GPVFX_POTIONS PACK/3D/POTIONS_Default/GPVFX_POTION B.obj
  artifactKey: Guid(88f9810cdc36b466cb152006feafd25e) Importer(815301076,1909f56bfc062723c751e8b465ee728b)
Start importing Assets/GPVFX_POTIONS PACK/3D/POTIONS_Default/GPVFX_POTION B.obj using Guid(88f9810cdc36b466cb152006feafd25e) Importer(815301076,1909f56bfc062723c751e8b465ee728b)  -> (artifact id: 'a99acc48ddf9dffc6dd877ec849361e5') in 0.254272 seconds 
  Import took 0.256653 seconds .

========================================================================
Received Import Request.
  Time since last request: 0.000271 seconds.
  path: Assets/GPVFX_POTIONS PACK/3D/POTIONS_Exploded/GPVFX_Potion B_Exploded.fbx
  artifactKey: Guid(6e821627f600647b5b96efa822247e1d) Importer(815301076,1909f56bfc062723c751e8b465ee728b)
Start importing Assets/GPVFX_POTIONS PACK/3D/POTIONS_Exploded/GPVFX_Potion B_Exploded.fbx using Guid(6e821627f600647b5b96efa822247e1d) Importer(815301076,1909f56bfc062723c751e8b465ee728b)  -> (artifact id: 'c44f1e5864cc4240f759176ee58d4103') in 0.106131 seconds 
  Import took 0.108511 seconds .

========================================================================
Received Import Request.
  Time since last request: 0.000303 seconds.
  path: Assets/GPVFX_POTIONS PACK/2D/2D Potions/2D Sprites/POTION B_2D Bottle.png
  artifactKey: Guid(5c57adb5b298b4f5894c32be56b84627) Importer(815301076,1909f56bfc062723c751e8b465ee728b)
Start importing Assets/GPVFX_POTIONS PACK/2D/2D Potions/2D Sprites/POTION B_2D Bottle.png using Guid(5c57adb5b298b4f5894c32be56b84627) Importer(815301076,1909f56bfc062723c751e8b465ee728b)  -> (artifact id: '7c1d9f5684847aabe24525760839f0bc') in 0.145929 seconds 
  Import took 0.154917 seconds .

========================================================================
Received Import Request.
  Time since last request: 8.036602 seconds.
  path: Assets/GPVFX_POTIONS PACK/3D/POTIONS 3D_Materials/Corks.mat
  artifactKey: Guid(889555b0db7a64beab5ddb92360b470d) Importer(815301076,1909f56bfc062723c751e8b465ee728b)
Start importing Assets/GPVFX_POTIONS PACK/3D/POTIONS 3D_Materials/Corks.mat using Guid(889555b0db7a64beab5ddb92360b470d) Importer(815301076,1909f56bfc062723c751e8b465ee728b)  -> (artifact id: '263aa49ff7ce3c6a6d1ee60dfab52960') in 0.133560 seconds 
  Import took 0.143760 seconds .

========================================================================
Received Import Request.
  Time since last request: 0.000296 seconds.
  path: Assets/GPVFX_POTIONS PACK/3D/POTIONS 3D_Materials/Potion Glass.mat
  artifactKey: Guid(9d2126d0d8d484781bf9fe54b03fe18b) Importer(815301076,1909f56bfc062723c751e8b465ee728b)
Start importing Assets/GPVFX_POTIONS PACK/3D/POTIONS 3D_Materials/Potion Glass.mat using Guid(9d2126d0d8d484781bf9fe54b03fe18b) Importer(815301076,1909f56bfc062723c751e8b465ee728b)  -> (artifact id: 'b84599bd5198a3fa50b8743a17e7d28e') in 0.125731 seconds 
  Import took 0.128011 seconds .

========================================================================
Received Import Request.
  Time since last request: 2.913234 seconds.
  path: Assets/Item/Basic/MoonPowder (Item).asset
  artifactKey: Guid(fd2b18899dfa2634a9ab160116526257) Importer(815301076,1909f56bfc062723c751e8b465ee728b)
Start importing Assets/Item/Basic/MoonPowder (Item).asset using Guid(fd2b18899dfa2634a9ab160116526257) Importer(815301076,1909f56bfc062723c751e8b465ee728b)  -> (artifact id: 'bb84c4140bb7d5e3e037b98bec35eaf1') in 0.089460 seconds 
  Import took 0.092246 seconds .

========================================================================
Received Import Request.
  Time since last request: 14.608902 seconds.
  path: Assets/Resources/ItemPrefab/Basic/Star Powder.prefab
  artifactKey: Guid(3a2072dde7d12d34aacab7c38bd5d2df) Importer(815301076,1909f56bfc062723c751e8b465ee728b)
Start importing Assets/Resources/ItemPrefab/Basic/Star Powder.prefab using Guid(3a2072dde7d12d34aacab7c38bd5d2df) Importer(815301076,1909f56bfc062723c751e8b465ee728b)  -> (artifact id: 'e38921fd6a3016b4c6f871d45f08bb3a') in 0.133622 seconds 
  Import took 0.136082 seconds .

========================================================================
Received Import Request.
  Time since last request: 0.000317 seconds.
  path: Assets/Item/Basic/Star Powder.asset
  artifactKey: Guid(2f72157e92075544a826bcb32a5ab65f) Importer(815301076,1909f56bfc062723c751e8b465ee728b)
Start importing Assets/Item/Basic/Star Powder.asset using Guid(2f72157e92075544a826bcb32a5ab65f) Importer(815301076,1909f56bfc062723c751e8b465ee728b)  -> (artifact id: '7d5f973a41ab5798ca9230b13922d0a6') in 0.072826 seconds 
  Import took 0.075177 seconds .

========================================================================
Received Import Request.
  Time since last request: 0.000310 seconds.
  path: Assets/Prefab/ItemPrefab/Basic/Star Powder.prefab
  artifactKey: Guid(d95946c8cd6774341adc07fb706c6bd9) Importer(815301076,1909f56bfc062723c751e8b465ee728b)
Start importing Assets/Prefab/ItemPrefab/Basic/Star Powder.prefab using Guid(d95946c8cd6774341adc07fb706c6bd9) Importer(815301076,1909f56bfc062723c751e8b465ee728b)  -> (artifact id: '37aaf7e30d6536fc9451fb37546c302a') in 0.139571 seconds 
  Import took 0.141935 seconds .

========================================================================
Received Import Request.
  Time since last request: 0.000295 seconds.
  path: Assets/Prefab/StarPowder.png
  artifactKey: Guid(092544c577a40104aa7a8e63b89c6427) Importer(815301076,1909f56bfc062723c751e8b465ee728b)
Start importing Assets/Prefab/StarPowder.png using Guid(092544c577a40104aa7a8e63b89c6427) Importer(815301076,1909f56bfc062723c751e8b465ee728b)  -> (artifact id: '910bbacf02c1fb15307d2e7c749cf60e') in 0.153658 seconds 
  Import took 0.156243 seconds .

========================================================================
Received Import Request.
  Time since last request: 0.864337 seconds.
  path: Assets/AurynSky/Gems Ultimate Pack/Materials/Star Powder.mat
  artifactKey: Guid(678261814aaace04b82936e0c0fd873a) Importer(815301076,1909f56bfc062723c751e8b465ee728b)
Start importing Assets/AurynSky/Gems Ultimate Pack/Materials/Star Powder.mat using Guid(678261814aaace04b82936e0c0fd873a) Importer(815301076,1909f56bfc062723c751e8b465ee728b)  -> (artifact id: 'a11c13634fae70a0bd2e4ec3a59b720f') in 0.115627 seconds 
  Import took 0.122878 seconds .

========================================================================
Received Import Request.
  Time since last request: 2.925218 seconds.
  path: Assets/Prefab/ItemPrefab/Basic/Y_Star.prefab
  artifactKey: Guid(3ab205a2e52f5c740864e320427012e1) Importer(815301076,1909f56bfc062723c751e8b465ee728b)
Start importing Assets/Prefab/ItemPrefab/Basic/Y_Star.prefab using Guid(3ab205a2e52f5c740864e320427012e1) Importer(815301076,1909f56bfc062723c751e8b465ee728b)  -> (artifact id: 'fa90c442b8644969b3ad176ed5e23139') in 0.094640 seconds 
  Import took 0.104945 seconds .

========================================================================
Received Import Request.
  Time since last request: 0.000323 seconds.
  path: Assets/Resources/ItemPrefab/Basic/Y_Star.prefab
  artifactKey: Guid(af4f554b0a91d964ebd34665815a2d59) Importer(815301076,1909f56bfc062723c751e8b465ee728b)
Start importing Assets/Resources/ItemPrefab/Basic/Y_Star.prefab using Guid(af4f554b0a91d964ebd34665815a2d59) Importer(815301076,1909f56bfc062723c751e8b465ee728b)  -> (artifact id: '5b20a01450200cec94cdb2c1d0457fa3') in 0.127968 seconds 
  Import took 0.130374 seconds .

========================================================================
Received Import Request.
  Time since last request: 28.548000 seconds.
  path: Assets/Scenes/Player_alchemy.unity
  artifactKey: Guid(55ff01cd490c5874aaa4850523567cec) Importer(815301076,1909f56bfc062723c751e8b465ee728b)
Start importing Assets/Scenes/Player_alchemy.unity using Guid(55ff01cd490c5874aaa4850523567cec) Importer(815301076,1909f56bfc062723c751e8b465ee728b)  -> (artifact id: '034edb96c6f8d04422ef56914d819a49') in 0.061934 seconds 
  Import took 0.064678 seconds .

========================================================================
Received Import Request.
  Time since last request: 21.965817 seconds.
  path: Assets/Scripts/BuyItem.cs
  artifactKey: Guid(c3e309dd23c9c1d4985c79f0844711b7) Importer(815301076,1909f56bfc062723c751e8b465ee728b)
Start importing Assets/Scripts/BuyItem.cs using Guid(c3e309dd23c9c1d4985c79f0844711b7) Importer(815301076,1909f56bfc062723c751e8b465ee728b)  -> (artifact id: '3c10f63297d4eecc8d5f3d109026c805') in 0.070838 seconds 
  Import took 0.073152 seconds .

========================================================================
Received Prepare
Registering precompiled user dll's ...
Registered in 0.005756 seconds.
Begin MonoManager ReloadAssembly
Native extension for WindowsStandalone target not found
Refreshing native plugins compatible for Editor in 0.45 ms, found 2 plugins.
Preloading 0 native plugins for Editor in 0.00 ms.
Mono: successfully reloaded assembly
- Completed reload, in  1.081 seconds
Domain Reload Profiling:
	ReloadAssembly (1082ms)
		BeginReloadAssembly (142ms)
			ExecutionOrderSort (0ms)
			DisableScriptedObjects (3ms)
			BackupInstance (0ms)
			ReleaseScriptingObjects (0ms)
			CreateAndSetChildDomain (37ms)
		EndReloadAssembly (869ms)
			LoadAssemblies (114ms)
			RebuildTransferFunctionScriptingTraits (0ms)
			SetupTypeCache (307ms)
			ReleaseScriptCaches (1ms)
			RebuildScriptCaches (36ms)
			SetupLoadedEditorAssemblies (326ms)
				LogAssemblyErrors (0ms)
				InitializePlatformSupportModulesInManaged (4ms)
				SetLoadedEditorAssemblies (0ms)
				RefreshPlugins (1ms)
				BeforeProcessingInitializeOnLoad (131ms)
				ProcessInitializeOnLoadAttributes (168ms)
				ProcessInitializeOnLoadMethodAttributes (8ms)
				AfterProcessingInitializeOnLoad (14ms)
				EditorAssembliesLoaded (0ms)
			ExecutionOrderSort2 (0ms)
			AwakeInstancesAfterBackupRestoration (5ms)
Platform modules already initialized, skipping
Refreshing native plugins compatible for Editor in 0.45 ms, found 2 plugins.
Preloading 0 native plugins for Editor in 0.00 ms.
Unloading 1697 Unused Serialized files (Serialized files now loaded: 0)
System memory in use before: 93.0 MB.
System memory in use after: 93.1 MB.

Unloading 15 unused Assets to reduce memory usage. Loaded Objects now: 2218.
Total: 2.129200 ms (FindLiveObjects: 0.122000 ms CreateObjectMapping: 0.034900 ms MarkObjects: 1.952600 ms  DeleteObjects: 0.018900 ms)

AssetImportParameters requested are different than current active one (requested -> active):
  custom:framework-win-MediaFoundation: 216162199b28c13a410421893ffa2e32 -> 
  custom:video-decoder-ogg-theora: a1e56fd34408186e4bbccfd4996cb3dc -> 
  custom:container-muxer-webm: aa71ff27fc2769a1b78a27578f13a17b -> 
  custom:container-demuxer-webm: 4f35f7cbe854078d1ac9338744f61a02 -> 
  custom:container-demuxer-ogg: 62fdf1f143b41e24485cea50d1cbac27 -> 
  custom:video-encoder-webm-vp8: eb34c28f22e8b96e1ab97ce403110664 -> 
  custom:video-decoder-webm-vp8: 9c59270c3fd7afecdb556c50c9e8de78 -> 
  custom:audio-decoder-ogg-vorbis: bf7c407c2cedff20999df2af8eb42d56 -> 
  custom:audio-encoder-webm-vorbis: bf7c407c2cedff20999df2af8eb42d56 -> 
========================================================================
Received Prepare
Registering precompiled user dll's ...
Registered in 0.003990 seconds.
Begin MonoManager ReloadAssembly
Native extension for WindowsStandalone target not found
Refreshing native plugins compatible for Editor in 0.70 ms, found 2 plugins.
Preloading 0 native plugins for Editor in 0.00 ms.
Mono: successfully reloaded assembly
- Completed reload, in  1.039 seconds
Domain Reload Profiling:
	ReloadAssembly (1040ms)
		BeginReloadAssembly (146ms)
			ExecutionOrderSort (0ms)
			DisableScriptedObjects (4ms)
			BackupInstance (0ms)
			ReleaseScriptingObjects (0ms)
			CreateAndSetChildDomain (34ms)
		EndReloadAssembly (826ms)
			LoadAssemblies (116ms)
			RebuildTransferFunctionScriptingTraits (0ms)
			SetupTypeCache (254ms)
			ReleaseScriptCaches (1ms)
			RebuildScriptCaches (39ms)
			SetupLoadedEditorAssemblies (337ms)
				LogAssemblyErrors (0ms)
				InitializePlatformSupportModulesInManaged (5ms)
				SetLoadedEditorAssemblies (0ms)
				RefreshPlugins (1ms)
				BeforeProcessingInitializeOnLoad (120ms)
				ProcessInitializeOnLoadAttributes (188ms)
				ProcessInitializeOnLoadMethodAttributes (10ms)
				AfterProcessingInitializeOnLoad (12ms)
				EditorAssembliesLoaded (0ms)
			ExecutionOrderSort2 (0ms)
			AwakeInstancesAfterBackupRestoration (8ms)
Platform modules already initialized, skipping
Refreshing native plugins compatible for Editor in 0.66 ms, found 2 plugins.
Preloading 0 native plugins for Editor in 0.00 ms.
Unloading 1697 Unused Serialized files (Serialized files now loaded: 0)
System memory in use before: 93.0 MB.
System memory in use after: 93.1 MB.

Unloading 14 unused Assets to reduce memory usage. Loaded Objects now: 2220.
Total: 2.945600 ms (FindLiveObjects: 0.160700 ms CreateObjectMapping: 0.058600 ms MarkObjects: 2.706100 ms  DeleteObjects: 0.019000 ms)

AssetImportParameters requested are different than current active one (requested -> active):
  custom:framework-win-MediaFoundation: 216162199b28c13a410421893ffa2e32 -> 
  custom:video-decoder-ogg-theora: a1e56fd34408186e4bbccfd4996cb3dc -> 
  custom:container-muxer-webm: aa71ff27fc2769a1b78a27578f13a17b -> 
  custom:container-demuxer-webm: 4f35f7cbe854078d1ac9338744f61a02 -> 
  custom:container-demuxer-ogg: 62fdf1f143b41e24485cea50d1cbac27 -> 
  custom:video-encoder-webm-vp8: eb34c28f22e8b96e1ab97ce403110664 -> 
  custom:video-decoder-webm-vp8: 9c59270c3fd7afecdb556c50c9e8de78 -> 
  custom:audio-decoder-ogg-vorbis: bf7c407c2cedff20999df2af8eb42d56 -> 
  custom:audio-encoder-webm-vorbis: bf7c407c2cedff20999df2af8eb42d56 -> 
========================================================================
Received Prepare
Registering precompiled user dll's ...
Registered in 0.003274 seconds.
Begin MonoManager ReloadAssembly
Native extension for WindowsStandalone target not found
Refreshing native plugins compatible for Editor in 0.60 ms, found 2 plugins.
Preloading 0 native plugins for Editor in 0.00 ms.
Mono: successfully reloaded assembly
- Completed reload, in  0.823 seconds
Domain Reload Profiling:
	ReloadAssembly (823ms)
		BeginReloadAssembly (116ms)
			ExecutionOrderSort (0ms)
			DisableScriptedObjects (3ms)
			BackupInstance (0ms)
			ReleaseScriptingObjects (0ms)
			CreateAndSetChildDomain (23ms)
		EndReloadAssembly (652ms)
			LoadAssemblies (95ms)
			RebuildTransferFunctionScriptingTraits (0ms)
			SetupTypeCache (209ms)
			ReleaseScriptCaches (1ms)
			RebuildScriptCaches (29ms)
			SetupLoadedEditorAssemblies (257ms)
				LogAssemblyErrors (0ms)
				InitializePlatformSupportModulesInManaged (4ms)
				SetLoadedEditorAssemblies (0ms)
				RefreshPlugins (1ms)
				BeforeProcessingInitializeOnLoad (89ms)
				ProcessInitializeOnLoadAttributes (145ms)
				ProcessInitializeOnLoadMethodAttributes (8ms)
				AfterProcessingInitializeOnLoad (10ms)
				EditorAssembliesLoaded (0ms)
			ExecutionOrderSort2 (0ms)
			AwakeInstancesAfterBackupRestoration (5ms)
Platform modules already initialized, skipping
Refreshing native plugins compatible for Editor in 0.46 ms, found 2 plugins.
Preloading 0 native plugins for Editor in 0.00 ms.
Unloading 1697 Unused Serialized files (Serialized files now loaded: 0)
System memory in use before: 93.0 MB.
System memory in use after: 93.1 MB.

Unloading 14 unused Assets to reduce memory usage. Loaded Objects now: 2222.
Total: 2.553600 ms (FindLiveObjects: 0.148800 ms CreateObjectMapping: 0.045200 ms MarkObjects: 2.341700 ms  DeleteObjects: 0.017000 ms)

AssetImportParameters requested are different than current active one (requested -> active):
  custom:framework-win-MediaFoundation: 216162199b28c13a410421893ffa2e32 -> 
  custom:video-decoder-ogg-theora: a1e56fd34408186e4bbccfd4996cb3dc -> 
  custom:container-muxer-webm: aa71ff27fc2769a1b78a27578f13a17b -> 
  custom:container-demuxer-webm: 4f35f7cbe854078d1ac9338744f61a02 -> 
  custom:container-demuxer-ogg: 62fdf1f143b41e24485cea50d1cbac27 -> 
  custom:video-encoder-webm-vp8: eb34c28f22e8b96e1ab97ce403110664 -> 
  custom:video-decoder-webm-vp8: 9c59270c3fd7afecdb556c50c9e8de78 -> 
  custom:audio-decoder-ogg-vorbis: bf7c407c2cedff20999df2af8eb42d56 -> 
  custom:audio-encoder-webm-vorbis: bf7c407c2cedff20999df2af8eb42d56 -> 
AssetImportWorkerClient::OnTransportError - code=2 error=End of file
